E:\WORKSPACE\HEJIEXUNSERVERMANAGER\HEJIEXUNSERVERMANAGER\DEBUG\HEJIEXUNSERVERMANAGER.PCH
E:\WORKSPACE\HEJIEXUNSERVERMANAGER\HEJIEXUNSERVERMANAGER\DEBUG\STDAFX.OBJ
E:\WORKSPACE\HEJIEXUNSERVERMANAGER\HEJIEXUNSERVERMANAGER\DEBUG\VC110.PDB
E:\WORKSPACE\HEJIEXUNSERVERMANAGER\HEJIEXUNSERVERMANAGER\DEBUG\CLASSVIEW.OBJ
E:\WORKSPACE\HEJIEXUNSERVERMANAGER\HEJIEXUNSERVERMANAGER\DEBUG\EDITINFODLG.OBJ
E:\WORKSPACE\HEJIEXUNSERVERMANAGER\HEJIEXUNSERVERMANAGER\DEBUG\FILEVIEW.OBJ
E:\WORKSPACE\HEJIEXUNSERVERMANAGER\HEJIEXUNSERVERMANAGER\DEBUG\HEJIEXUNSERVERMANAGER.OBJ
E:\WORKSPACE\HEJIEXUNSERVERMANAGER\HEJIEXUNSERVERMANAGER\DEBUG\HEJIEXUNSERVERMANAGERDOC.OBJ
E:\WORKSPACE\HEJIEXUNSERVERMANAGER\HEJIEXUNSERVERMANAGER\DEBUG\HEJIEXUNSERVERMANAGERVIEW.OBJ
E:\WORKSPACE\HEJIEXUNSERVERMANAGER\HEJIEXUNSERVERMANAGER\DEBUG\MAINFRM.OBJ
E:\WORKSPACE\HEJIEXUNSERVERMANAGER\HEJIEXUNSERVERMANAGER\DEBUG\OUTPUTWND.OBJ
E:\WORKSPACE\HEJIEXUNSERVERMANAGER\HEJIEXUNSERVERMANAGER\DEBUG\PROCESSMANAGER.OBJ
E:\WORKSPACE\HEJIEXUNSERVERMANAGER\HEJIEXUNSERVERMANAGER\DEBUG\PROPERTIESWND.OBJ
E:\WORKSPACE\HEJIEXUNSERVERMANAGER\HEJIEXUNSERVERMANAGER\DEBUG\SUBCLASS.OBJ
E:\WORKSPACE\HEJIEXUNSERVERMANAGER\HEJIEXUNSERVERMANAGER\DEBUG\TRAYICON.OBJ
E:\WORKSPACE\HEJIEXUNSERVERMANAGER\HEJIEXUNSERVERMANAGER\DEBUG\VIEWTREE.OBJ
E:\WORKSPACE\HEJIEXUNSERVERMANAGER\DEBUG\HEJIEXUNSERVERMANAGER.ILK
E:\WORKSPACE\HEJIEXUNSERVERMANAGER\DEBUG\HEJIEXUNSERVERMANAGER.EXE
E:\WORKSPACE\HEJIEXUNSERVERMANAGER\DEBUG\HEJIEXUNSERVERMANAGER.PDB
E:\WORKSPACE\HEJIEXUNSERVERMANAGER\HEJIEXUNSERVERMANAGER\DEBUG\HEJIEXUNSERVERMANAGER.RES
E:\WorkSpace\HejiexunServerManager\HejiexunServerManager\Debug\ClassView.obj
E:\WorkSpace\HejiexunServerManager\HejiexunServerManager\Debug\EditInfoDlg.obj
E:\WorkSpace\HejiexunServerManager\HejiexunServerManager\Debug\FileView.obj
E:\WorkSpace\HejiexunServerManager\HejiexunServerManager\Debug\HejiexunServerManager.obj
E:\WorkSpace\HejiexunServerManager\HejiexunServerManager\Debug\HejiexunServerManagerDoc.obj
E:\WorkSpace\HejiexunServerManager\HejiexunServerManager\Debug\HejiexunServerManagerView.obj
E:\WorkSpace\HejiexunServerManager\HejiexunServerManager\Debug\MainFrm.obj
E:\WorkSpace\HejiexunServerManager\HejiexunServerManager\Debug\OutputWnd.obj
E:\WorkSpace\HejiexunServerManager\HejiexunServerManager\Debug\ProcessManager.obj
E:\WorkSpace\HejiexunServerManager\HejiexunServerManager\Debug\PropertiesWnd.obj
E:\WorkSpace\HejiexunServerManager\HejiexunServerManager\Debug\stdafx.obj
E:\WorkSpace\HejiexunServerManager\HejiexunServerManager\Debug\Subclass.obj
E:\WorkSpace\HejiexunServerManager\HejiexunServerManager\Debug\TrayIcon.obj
E:\WorkSpace\HejiexunServerManager\HejiexunServerManager\Debug\ViewTree.obj
E:\WorkSpace\HejiexunServerManager\HejiexunServerManager\Debug\cl.command.1.tlog
E:\WorkSpace\HejiexunServerManager\HejiexunServerManager\Debug\CL.read.1.tlog
E:\WorkSpace\HejiexunServerManager\HejiexunServerManager\Debug\CL.write.1.tlog
E:\WorkSpace\HejiexunServerManager\HejiexunServerManager\Debug\link-cvtres.read.1.tlog
E:\WorkSpace\HejiexunServerManager\HejiexunServerManager\Debug\link-cvtres.write.1.tlog
E:\WorkSpace\HejiexunServerManager\HejiexunServerManager\Debug\link-mt.read.1.tlog
E:\WorkSpace\HejiexunServerManager\HejiexunServerManager\Debug\link-mt.write.1.tlog
E:\WorkSpace\HejiexunServerManager\HejiexunServerManager\Debug\link-rc.read.1.tlog
E:\WorkSpace\HejiexunServerManager\HejiexunServerManager\Debug\link-rc.write.1.tlog
E:\WorkSpace\HejiexunServerManager\HejiexunServerManager\Debug\link.8356-cvtres.read.1.tlog
E:\WorkSpace\HejiexunServerManager\HejiexunServerManager\Debug\link.8356-cvtres.write.1.tlog
E:\WorkSpace\HejiexunServerManager\HejiexunServerManager\Debug\link.8356-mt.read.1.tlog
E:\WorkSpace\HejiexunServerManager\HejiexunServerManager\Debug\link.8356-mt.write.1.tlog
E:\WorkSpace\HejiexunServerManager\HejiexunServerManager\Debug\link.8356-rc.read.1.tlog
E:\WorkSpace\HejiexunServerManager\HejiexunServerManager\Debug\link.8356-rc.write.1.tlog
E:\WorkSpace\HejiexunServerManager\HejiexunServerManager\Debug\link.8356.read.1.tlog
E:\WorkSpace\HejiexunServerManager\HejiexunServerManager\Debug\link.8356.write.1.tlog
E:\WorkSpace\HejiexunServerManager\HejiexunServerManager\Debug\link.command.1.tlog
E:\WorkSpace\HejiexunServerManager\HejiexunServerManager\Debug\link.read.1.tlog
E:\WorkSpace\HejiexunServerManager\HejiexunServerManager\Debug\link.write.1.tlog
E:\WorkSpace\HejiexunServerManager\HejiexunServerManager\Debug\rc.command.1.tlog
E:\WorkSpace\HejiexunServerManager\HejiexunServerManager\Debug\rc.read.1.tlog
E:\WorkSpace\HejiexunServerManager\HejiexunServerManager\Debug\rc.write.1.tlog
E:\WorkSpace\HejiexunServerManager\HejiexunServerManager\Debug\HejiexunServerManager.res
E:\WorkSpace\HejiexunServerManager\HejiexunServerManager\Debug\HejiexunServerManager.pch
E:\WorkSpace\HejiexunServerManager\HejiexunServerManager\Debug\vc110.idb
E:\WorkSpace\HejiexunServerManager\HejiexunServerManager\Debug\vc110.pdb
E:\WorkSpace\HejiexunServerManager\Debug\HejiexunServerManager.pdb
E:\WorkSpace\HejiexunServerManager\Debug\HejiexunServerManager.exe
E:\WorkSpace\HejiexunServerManager\Debug\HejiexunServerManager.ilk
