生成启动时间为 2016/2/18 15:51:40。
     1>项目“E:\WorkSpace\HejiexunServerManager\HejiexunServerManager\HejiexunServerManager.vcxproj”在节点 2 上(Build 个目标)。
     1>ClCompile:
         C:\Program Files (x86)\Microsoft Visual Studio 11.0\VC\bin\CL.exe /c /ZI /nologo /W3 /WX- /sdl /Od /Oy- /D WIN32 /D _WINDOWS /D _DEBUG /D _USING_V110_SDK71_ /D _MBCS /D _AFXDLL /Gm /EHsc /RTC1 /MDd /GS /fp:precise /Zc:wchar_t /Zc:forScope /Yu"stdafx.h" /Fp"Debug\HejiexunServerManager.pch" /Fo"Debug\\" /Fd"Debug\vc110.pdb" /Gd /TP /analyze- /errorReport:prompt /D _CRT_SECURE_NO_WARNINGS ProcessManager.cpp
         ProcessManager.cpp
       Link:
         C:\Program Files (x86)\Microsoft Visual Studio 11.0\VC\bin\link.exe /ERRORREPORT:PROMPT /OUT:"E:\WorkSpace\HejiexunServerManager\Debug\HejiexunServerManager.exe" /INCREMENTAL /NOLOGO /LIBPATH:..\Debug MessagePipe.lib /MANIFEST /MANIFESTUAC:"level='asInvoker' uiAccess='false'" /manifest:embed /manifestinput:"C:\Program Files (x86)\Microsoft Visual Studio 11.0\VC\Include\Manifest\dpiaware.manifest" /DEBUG /PDB:"E:\WorkSpace\HejiexunServerManager\Debug\HejiexunServerManager.pdb" /SUBSYSTEM:WINDOWS,"5.01" /TLBID:1 /DYNAMICBASE /NXCOMPAT /IMPLIB:"E:\WorkSpace\HejiexunServerManager\Debug\HejiexunServerManager.lib" /MACHINE:X86 Debug\HejiexunServerManager.res
         Debug\ClassView.obj
         Debug\EditInfoDlg.obj
         Debug\FileView.obj
         Debug\HejiexunServerManager.obj
         Debug\HejiexunServerManagerDoc.obj
         Debug\HejiexunServerManagerView.obj
         Debug\MainFrm.obj
         Debug\OutputWnd.obj
         Debug\ProcessManager.obj
         Debug\PropertiesWnd.obj
         Debug\stdafx.obj
         Debug\Subclass.obj
         Debug\TrayIcon.obj
         Debug\ViewTree.obj
         HejiexunServerManager.vcxproj -> E:\WorkSpace\HejiexunServerManager\Debug\HejiexunServerManager.exe
     1>已完成生成项目“E:\WorkSpace\HejiexunServerManager\HejiexunServerManager\HejiexunServerManager.vcxproj”(Build 个目标)的操作。

生成成功。

已用时间 00:00:01.25
