E:\WORKSPACE\HEJIEXUNSERVERMANAGER\HEJIEXUNSERVERMANAGER\RELEASE\OUTPUTWND.OBJ
E:\WORKSPACE\HEJIEXUNSERVERMANAGER\HEJIEXUNSERVERMANAGER\RELEASE\HEJIEXUNSERVERMANAGERVIEW.OBJ
E:\WORKSPACE\HEJIEXUNSERVERMANAGER\HEJIEXUNSERVERMANAGER\RELEASE\HEJIEXUNSERVERMANAGER.OBJ
E:\WORKSPACE\HEJIEXUNSERVERMANAGER\HEJIEXUNSERVERMANAGER\RELEASE\PROCESSMANAGER.OBJ
E:\WORKSPACE\HEJIEXUNSERVERMANAGER\HEJIEXUNSERVERMANAGER\RELEASE\PROPERTIESWND.OBJ
E:\WORKSPACE\HEJIEXUNSERVERMANAGER\HEJIEXUNSERVERMANAGER\RELEASE\MAINFRM.OBJ
E:\WORKSPACE\HEJIEXUNSERVERMANAGER\HEJIEXUNSERVERMANAGER\RELEASE\FILEVIEW.OBJ
E:\WORKSPACE\HEJIEXUNSERVERMANAGER\HEJIEXUNSERVERMANAGER\RELEASE\CLASSVIEW.OBJ
E:\WORKSPACE\HEJIEXUNSERVERMANAGER\HEJIEXUNSERVERMANAGER\RELEASE\HEJIEXUNSERVERMANAGER.PCH
E:\WORKSPACE\HEJIEXUNSERVERMANAGER\HEJIEXUNSERVERMANAGER\RELEASE\STDAFX.OBJ
E:\WORKSPACE\HEJIEXUNSERVERMANAGER\HEJIEXUNSERVERMANAGER\RELEASE\VC110.PDB
E:\WORKSPACE\HEJIEXUNSERVERMANAGER\HEJIEXUNSERVERMANAGER\RELEASE\VIEWTREE.OBJ
E:\WORKSPACE\HEJIEXUNSERVERMANAGER\HEJIEXUNSERVERMANAGER\RELEASE\TRAYICON.OBJ
E:\WORKSPACE\HEJIEXUNSERVERMANAGER\HEJIEXUNSERVERMANAGER\RELEASE\SUBCLASS.OBJ
E:\WORKSPACE\HEJIEXUNSERVERMANAGER\HEJIEXUNSERVERMANAGER\RELEASE\HEJIEXUNSERVERMANAGERDOC.OBJ
E:\WORKSPACE\HEJIEXUNSERVERMANAGER\HEJIEXUNSERVERMANAGER\RELEASE\EDITINFODLG.OBJ
E:\WORKSPACE\HEJIEXUNSERVERMANAGER\HEJIEXUNSERVERMANAGER\RELEASE\HEJIEXUNSERVERMANAGER.RES
E:\WorkSpace\HejiexunServerManager\HejiexunServerManager\Release\ClassView.obj
E:\WorkSpace\HejiexunServerManager\HejiexunServerManager\Release\EditInfoDlg.obj
E:\WorkSpace\HejiexunServerManager\HejiexunServerManager\Release\FileView.obj
E:\WorkSpace\HejiexunServerManager\HejiexunServerManager\Release\HejiexunServerManager.obj
E:\WorkSpace\HejiexunServerManager\HejiexunServerManager\Release\HejiexunServerManagerDoc.obj
E:\WorkSpace\HejiexunServerManager\HejiexunServerManager\Release\HejiexunServerManagerView.obj
E:\WorkSpace\HejiexunServerManager\HejiexunServerManager\Release\MainFrm.obj
E:\WorkSpace\HejiexunServerManager\HejiexunServerManager\Release\OutputWnd.obj
E:\WorkSpace\HejiexunServerManager\HejiexunServerManager\Release\ProcessManager.obj
E:\WorkSpace\HejiexunServerManager\HejiexunServerManager\Release\PropertiesWnd.obj
E:\WorkSpace\HejiexunServerManager\HejiexunServerManager\Release\stdafx.obj
E:\WorkSpace\HejiexunServerManager\HejiexunServerManager\Release\Subclass.obj
E:\WorkSpace\HejiexunServerManager\HejiexunServerManager\Release\TrayIcon.obj
E:\WorkSpace\HejiexunServerManager\HejiexunServerManager\Release\ViewTree.obj
E:\WorkSpace\HejiexunServerManager\HejiexunServerManager\Release\cl.command.1.tlog
E:\WorkSpace\HejiexunServerManager\HejiexunServerManager\Release\CL.read.1.tlog
E:\WorkSpace\HejiexunServerManager\HejiexunServerManager\Release\CL.write.1.tlog
E:\WorkSpace\HejiexunServerManager\HejiexunServerManager\Release\link-cvtres.read.1.tlog
E:\WorkSpace\HejiexunServerManager\HejiexunServerManager\Release\link-cvtres.write.1.tlog
E:\WorkSpace\HejiexunServerManager\HejiexunServerManager\Release\link-mt.read.1.tlog
E:\WorkSpace\HejiexunServerManager\HejiexunServerManager\Release\link-mt.write.1.tlog
E:\WorkSpace\HejiexunServerManager\HejiexunServerManager\Release\link-rc.read.1.tlog
E:\WorkSpace\HejiexunServerManager\HejiexunServerManager\Release\link-rc.write.1.tlog
E:\WorkSpace\HejiexunServerManager\HejiexunServerManager\Release\link.command.1.tlog
E:\WorkSpace\HejiexunServerManager\HejiexunServerManager\Release\link.read.1.tlog
E:\WorkSpace\HejiexunServerManager\HejiexunServerManager\Release\link.write.1.tlog
E:\WorkSpace\HejiexunServerManager\HejiexunServerManager\Release\rc.command.1.tlog
E:\WorkSpace\HejiexunServerManager\HejiexunServerManager\Release\rc.read.1.tlog
E:\WorkSpace\HejiexunServerManager\HejiexunServerManager\Release\rc.write.1.tlog
E:\WorkSpace\HejiexunServerManager\HejiexunServerManager\Release\HejiexunServerManager.res
E:\WorkSpace\HejiexunServerManager\HejiexunServerManager\Release\HejiexunServerManager.pch
E:\WorkSpace\HejiexunServerManager\HejiexunServerManager\Release\vc110.pdb
E:\WorkSpace\HejiexunServerManager\Release\HejiexunServerManager.exe
